# JRE version: OpenJDK Runtime Environment (8.0_152-b01) (build 1.8.0_152-release-1248-b01)
# Java VM: OpenJDK 64-Bit Server VM (25.152-b01 mixed mode windows-amd64 compressed oops)
Heap:
 PSYoungGen      total 213504K, used 123945K [0x00000000e0000000, 0x00000000eec00000, 0x0000000100000000)
  eden space 198656K, 55% used [0x00000000e0000000,0x00000000e6ad5228,0x00000000ec200000)
  from space 14848K, 97% used [0x00000000ec900000,0x00000000ed7352e0,0x00000000ed780000)
  to   space 20992K, 0% used [0x00000000ed780000,0x00000000ed780000,0x00000000eec00000)
 ParOldGen       total 120320K, used 48564K [0x00000000a0000000, 0x00000000a7580000, 0x00000000e0000000)
  object space 120320K, 40% used [0x00000000a0000000,0x00000000a2f6d138,0x00000000a7580000)
 Metaspace       used 86858K, capacity 90082K, committed 90392K, reserved 1128448K
  class space    used 10983K, capacity 11710K, committed 11824K, reserved 1048576K
GC Heap History (10 events):
Event: 189.055 GC heap before
{Heap before GC invocations=18 (full 3):
 PSYoungGen      total 212480K, used 212470K [0x00000000e0000000, 0x00000000ee680000, 0x0000000100000000)
  eden space 196608K, 99% used [0x00000000e0000000,0x00000000ebffdf20,0x00000000ec000000)
  from space 15872K, 99% used [0x00000000ed300000,0x00000000ee27fa10,0x00000000ee280000)
  to   space 19456K, 0% used [0x00000000ec000000,0x00000000ec000000,0x00000000ed300000)
 ParOldGen       total 120320K, used 35073K [0x00000000a0000000, 0x00000000a7580000, 0x00000000e0000000)
  object space 120320K, 29% used [0x00000000a0000000,0x00000000a2240550,0x00000000a7580000)
 Metaspace       used 80980K, capacity 83588K, committed 83864K, reserved 1122304K
  class space    used 10553K, capacity 11131K, committed 11184K, reserved 1048576K
Event: 189.123 GC heap after
Heap after GC invocations=18 (full 3):
 PSYoungGen      total 216064K, used 19442K [0x00000000e0000000, 0x00000000f0b00000, 0x0000000100000000)
  eden space 196608K, 0% used [0x00000000e0000000,0x00000000e0000000,0x00000000ec000000)
  from space 19456K, 99% used [0x00000000ec000000,0x00000000ed2fca58,0x00000000ed300000)
  to   space 23040K, 0% used [0x00000000ef480000,0x00000000ef480000,0x00000000f0b00000)
 ParOldGen       total 120320K, used 38401K [0x00000000a0000000, 0x00000000a7580000, 0x00000000e0000000)
  object space 120320K, 31% used [0x00000000a0000000,0x00000000a25806a0,0x00000000a7580000)
 Metaspace       used 80980K, capacity 83588K, committed 83864K, reserved 1122304K
  class space    used 10553K, capacity 11131K, committed 11184K, reserved 1048576K
}
Event: 289.745 GC heap before
{Heap before GC invocations=19 (full 3):
 PSYoungGen      total 216064K, used 216050K [0x00000000e0000000, 0x00000000f0b00000, 0x0000000100000000)
  eden space 196608K, 100% used [0x00000000e0000000,0x00000000ec000000,0x00000000ec000000)
  from space 19456K, 99% used [0x00000000ec000000,0x00000000ed2fca58,0x00000000ed300000)
  to   space 23040K, 0% used [0x00000000ef480000,0x00000000ef480000,0x00000000f0b00000)
 ParOldGen       total 120320K, used 38401K [0x00000000a0000000, 0x00000000a7580000, 0x00000000e0000000)
  object space 120320K, 31% used [0x00000000a0000000,0x00000000a25806a0,0x00000000a7580000)
 Metaspace       used 81773K, capacity 84480K, committed 84760K, reserved 1122304K
  class space    used 10596K, capacity 11203K, committed 11312K, reserved 1048576K
Event: 289.788 GC heap after
Heap after GC invocations=19 (full 3):
 PSYoungGen      total 237056K, used 7074K [0x00000000e0000000, 0x00000000f0400000, 0x0000000100000000)
  eden space 221184K, 0% used [0x00000000e0000000,0x00000000e0000000,0x00000000ed800000)
  from space 15872K, 44% used [0x00000000ef480000,0x00000000efb68a98,0x00000000f0400000)
  to   space 22528K, 0% used [0x00000000ed800000,0x00000000ed800000,0x00000000eee00000)
 ParOldGen       total 120320K, used 48556K [0x00000000a0000000, 0x00000000a7580000, 0x00000000e0000000)
  object space 120320K, 40% used [0x00000000a0000000,0x00000000a2f6b138,0x00000000a7580000)
 Metaspace       used 81773K, capacity 84480K, committed 84760K, reserved 1122304K
  class space    used 10596K, capacity 11203K, committed 11312K, reserved 1048576K
}
Event: 9765.997 GC heap before
{Heap before GC invocations=20 (full 3):
 PSYoungGen      total 237056K, used 228258K [0x00000000e0000000, 0x00000000f0400000, 0x0000000100000000)
  eden space 221184K, 100% used [0x00000000e0000000,0x00000000ed800000,0x00000000ed800000)
  from space 15872K, 44% used [0x00000000ef480000,0x00000000efb68a98,0x00000000f0400000)
  to   space 22528K, 0% used [0x00000000ed800000,0x00000000ed800000,0x00000000eee00000)
 ParOldGen       total 120320K, used 48556K [0x00000000a0000000, 0x00000000a7580000, 0x00000000e0000000)
  object space 120320K, 40% used [0x00000000a0000000,0x00000000a2f6b138,0x00000000a7580000)
 Metaspace       used 85357K, capacity 88374K, committed 88472K, reserved 1126400K
  class space    used 10935K, capacity 11636K, committed 11696K, reserved 1048576K
Event: 9766.179 GC heap after
Heap after GC invocations=20 (full 3):
 PSYoungGen      total 222208K, used 8652K [0x00000000e0000000, 0x00000000efb80000, 0x0000000100000000)
  eden space 213504K, 0% used [0x00000000e0000000,0x00000000e0000000,0x00000000ed080000)
  from space 8704K, 99% used [0x00000000ed800000,0x00000000ee073168,0x00000000ee080000)
  to   space 22016K, 0% used [0x00000000ee600000,0x00000000ee600000,0x00000000efb80000)
 ParOldGen       total 120320K, used 48564K [0x00000000a0000000, 0x00000000a7580000, 0x00000000e0000000)
  object space 120320K, 40% used [0x00000000a0000000,0x00000000a2f6d138,0x00000000a7580000)
 Metaspace       used 85357K, capacity 88374K, committed 88472K, reserved 1126400K
  class space    used 10935K, capacity 11636K, committed 11696K, reserved 1048576K
}
Event: 9774.610 GC heap before
{Heap before GC invocations=21 (full 3):
 PSYoungGen      total 222208K, used 222156K [0x00000000e0000000, 0x00000000efb80000, 0x0000000100000000)
  eden space 213504K, 100% used [0x00000000e0000000,0x00000000ed080000,0x00000000ed080000)
  from space 8704K, 99% used [0x00000000ed800000,0x00000000ee073168,0x00000000ee080000)
  to   space 22016K, 0% used [0x00000000ee600000,0x00000000ee600000,0x00000000efb80000)
 ParOldGen       total 120320K, used 48564K [0x00000000a0000000, 0x00000000a7580000, 0x00000000e0000000)
  object space 120320K, 40% used [0x00000000a0000000,0x00000000a2f6d138,0x00000000a7580000)
 Metaspace       used 86011K, capacity 89062K, committed 89240K, reserved 1126400K
  class space    used 10938K, capacity 11638K, committed 11696K, reserved 1048576K
Event: 9774.645 GC heap after
Heap after GC invocations=21 (full 3):
 PSYoungGen      total 218112K, used 8893K [0x00000000e0000000, 0x00000000ef200000, 0x0000000100000000)
  eden space 205824K, 0% used [0x00000000e0000000,0x00000000e0000000,0x00000000ec900000)
  from space 12288K, 72% used [0x00000000ee600000,0x00000000eeeaf520,0x00000000ef200000)
  to   space 20992K, 0% used [0x00000000ec900000,0x00000000ec900000,0x00000000edd80000)
 ParOldGen       total 120320K, used 48564K [0x00000000a0000000, 0x00000000a7580000, 0x00000000e0000000)
  object space 120320K, 40% used [0x00000000a0000000,0x00000000a2f6d138,0x00000000a7580000)
 Metaspace       used 86011K, capacity 89062K, committed 89240K, reserved 1126400K
  class space    used 10938K, capacity 11638K, committed 11696K, reserved 1048576K
}
Event: 10273.034 GC heap before
{Heap before GC invocations=22 (full 3):
 PSYoungGen      total 218112K, used 214717K [0x00000000e0000000, 0x00000000ef200000, 0x0000000100000000)
  eden space 205824K, 100% used [0x00000000e0000000,0x00000000ec900000,0x00000000ec900000)
  from space 12288K, 72% used [0x00000000ee600000,0x00000000eeeaf520,0x00000000ef200000)
  to   space 20992K, 0% used [0x00000000ec900000,0x00000000ec900000,0x00000000edd80000)
 ParOldGen       total 120320K, used 48564K [0x00000000a0000000, 0x00000000a7580000, 0x00000000e0000000)
  object space 120320K, 40% used [0x00000000a0000000,0x00000000a2f6d138,0x00000000a7580000)
 Metaspace       used 86541K, capacity 89808K, committed 90136K, reserved 1128448K
  class space    used 10976K, capacity 11707K, committed 11824K, reserved 1048576K
Event: 10273.069 GC heap after
Heap after GC invocations=22 (full 3):
 PSYoungGen      total 213504K, used 14548K [0x00000000e0000000, 0x00000000eec00000, 0x0000000100000000)
  eden space 198656K, 0% used [0x00000000e0000000,0x00000000e0000000,0x00000000ec200000)
  from space 14848K, 97% used [0x00000000ec900000,0x00000000ed7352e0,0x00000000ed780000)
  to   space 20992K, 0% used [0x00000000ed780000,0x00000000ed780000,0x00000000eec00000)
 ParOldGen       total 120320K, used 48564K [0x00000000a0000000, 0x00000000a7580000, 0x00000000e0000000)
  object space 120320K, 40% used [0x00000000a0000000,0x00000000a2f6d138,0x00000000a7580000)
 Metaspace       used 86541K, capacity 89808K, committed 90136K, reserved 1128448K
  class space    used 10976K, capacity 11707K, committed 11824K, reserved 1048576K
}

